2023/09/12 04:07:14 [notice] 1#1: using the "epoll" event method
2023/09/12 04:07:14 [notice] 1#1: nginx/1.25.2
2023/09/12 04:07:14 [notice] 1#1: built by gcc 12.2.1 20220924 (Alpine 12.2.1_git20220924-r10) 
2023/09/12 04:07:14 [notice] 1#1: OS: Linux 5.10.102.1-microsoft-standard-WSL2
2023/09/12 04:07:14 [notice] 1#1: getrlimit(RLIMIT_NOFILE): 1048576:1048576
2023/09/12 04:07:14 [notice] 1#1: start worker processes
2023/09/12 04:07:14 [notice] 1#1: start worker process 20
2023/09/12 04:07:14 [notice] 1#1: start worker process 21
2023/09/12 04:07:14 [notice] 1#1: start worker process 22
2023/09/12 04:07:14 [notice] 1#1: start worker process 23
2023/09/12 04:07:14 [notice] 1#1: start worker process 24
2023/09/12 04:07:14 [notice] 1#1: start worker process 25
2023/09/12 04:07:14 [notice] 1#1: start worker process 26
2023/09/12 04:07:14 [notice] 1#1: start worker process 27
2023/09/12 04:08:12 [notice] 1#1: signal 3 (SIGQUIT) received, shutting down
2023/09/12 04:08:12 [notice] 20#20: gracefully shutting down
2023/09/12 04:08:12 [notice] 21#21: gracefully shutting down
2023/09/12 04:08:12 [notice] 22#22: gracefully shutting down
2023/09/12 04:08:12 [notice] 23#23: gracefully shutting down
2023/09/12 04:08:12 [notice] 24#24: gracefully shutting down
2023/09/12 04:08:12 [notice] 25#25: gracefully shutting down
2023/09/12 04:08:12 [notice] 25#25: exiting
2023/09/12 04:08:12 [notice] 27#27: gracefully shutting down
2023/09/12 04:08:12 [notice] 27#27: exiting
2023/09/12 04:08:12 [notice] 26#26: gracefully shutting down
2023/09/12 04:08:12 [notice] 26#26: exiting
2023/09/12 04:08:12 [notice] 20#20: exiting
2023/09/12 04:08:12 [notice] 22#22: exiting
2023/09/12 04:08:12 [notice] 23#23: exiting
2023/09/12 04:08:12 [notice] 24#24: exiting
2023/09/12 04:08:12 [notice] 25#25: exit
2023/09/12 04:08:12 [notice] 27#27: exit
2023/09/12 04:08:12 [notice] 26#26: exit
2023/09/12 04:08:12 [notice] 20#20: exit
2023/09/12 04:08:12 [notice] 22#22: exit
2023/09/12 04:08:12 [notice] 23#23: exit
2023/09/12 04:08:12 [notice] 24#24: exit
2023/09/12 04:08:12 [notice] 1#1: signal 17 (SIGCHLD) received from 27
2023/09/12 04:08:12 [notice] 1#1: worker process 27 exited with code 0
2023/09/12 04:08:12 [notice] 1#1: signal 29 (SIGIO) received
2023/09/12 04:08:12 [notice] 1#1: signal 17 (SIGCHLD) received from 24
2023/09/12 04:08:12 [notice] 1#1: worker process 24 exited with code 0
2023/09/12 04:08:12 [notice] 1#1: signal 29 (SIGIO) received
2023/09/12 04:08:12 [notice] 1#1: signal 17 (SIGCHLD) received from 25
2023/09/12 04:08:12 [notice] 1#1: worker process 23 exited with code 0
2023/09/12 04:08:12 [notice] 1#1: worker process 25 exited with code 0
2023/09/12 04:08:12 [notice] 1#1: signal 29 (SIGIO) received
2023/09/12 04:08:12 [notice] 1#1: signal 17 (SIGCHLD) received from 26
2023/09/12 04:08:12 [notice] 1#1: worker process 26 exited with code 0
2023/09/12 04:08:12 [notice] 1#1: signal 29 (SIGIO) received
2023/09/12 04:08:12 [notice] 1#1: signal 17 (SIGCHLD) received from 20
2023/09/12 04:08:12 [notice] 1#1: worker process 20 exited with code 0
2023/09/12 04:08:12 [notice] 1#1: signal 29 (SIGIO) received
2023/09/12 04:08:12 [notice] 1#1: signal 17 (SIGCHLD) received from 22
2023/09/12 04:08:12 [notice] 1#1: worker process 22 exited with code 0
2023/09/12 04:08:12 [notice] 1#1: signal 29 (SIGIO) received
2023/09/12 04:08:23 [notice] 1#1: using the "epoll" event method
2023/09/12 04:08:23 [notice] 1#1: nginx/1.25.2
2023/09/12 04:08:23 [notice] 1#1: built by gcc 12.2.1 20220924 (Alpine 12.2.1_git20220924-r10) 
2023/09/12 04:08:23 [notice] 1#1: OS: Linux 5.10.102.1-microsoft-standard-WSL2
2023/09/12 04:08:23 [notice] 1#1: getrlimit(RLIMIT_NOFILE): 1048576:1048576
2023/09/12 04:08:23 [notice] 1#1: start worker processes
2023/09/12 04:08:23 [notice] 1#1: start worker process 20
2023/09/12 04:08:23 [notice] 1#1: start worker process 21
2023/09/12 04:08:23 [notice] 1#1: start worker process 22
2023/09/12 04:08:23 [notice] 1#1: start worker process 23
2023/09/12 04:08:23 [notice] 1#1: start worker process 24
2023/09/12 04:08:23 [notice] 1#1: start worker process 25
2023/09/12 04:08:23 [notice] 1#1: start worker process 26
2023/09/12 04:08:23 [notice] 1#1: start worker process 27
2023/09/12 04:09:13 [notice] 1#1: signal 3 (SIGQUIT) received, shutting down
2023/09/12 04:09:13 [notice] 20#20: gracefully shutting down
2023/09/12 04:09:13 [notice] 21#21: gracefully shutting down
2023/09/12 04:09:13 [notice] 22#22: gracefully shutting down
2023/09/12 04:09:13 [notice] 23#23: gracefully shutting down
2023/09/12 04:09:13 [notice] 23#23: exiting
2023/09/12 04:09:13 [notice] 24#24: gracefully shutting down
2023/09/12 04:09:13 [notice] 25#25: gracefully shutting down
2023/09/12 04:09:13 [notice] 26#26: gracefully shutting down
2023/09/12 04:09:13 [notice] 27#27: gracefully shutting down
2023/09/12 04:09:13 [notice] 20#20: exiting
2023/09/12 04:09:13 [notice] 22#22: exiting
2023/09/12 04:09:13 [notice] 23#23: exit
2023/09/12 04:09:13 [notice] 24#24: exiting
2023/09/12 04:09:13 [notice] 25#25: exiting
2023/09/12 04:09:13 [notice] 26#26: exiting
2023/09/12 04:09:13 [notice] 27#27: exiting
2023/09/12 04:09:13 [notice] 20#20: exit
2023/09/12 04:09:13 [notice] 22#22: exit
2023/09/12 04:09:13 [notice] 24#24: exit
2023/09/12 04:09:13 [notice] 25#25: exit
2023/09/12 04:09:13 [notice] 26#26: exit
2023/09/12 04:09:13 [notice] 27#27: exit
2023/09/12 04:09:13 [notice] 1#1: signal 17 (SIGCHLD) received from 20
2023/09/12 04:09:13 [notice] 1#1: worker process 20 exited with code 0
2023/09/12 04:09:13 [notice] 1#1: signal 29 (SIGIO) received
2023/09/12 04:09:13 [notice] 1#1: signal 17 (SIGCHLD) received from 25
2023/09/12 04:09:13 [notice] 1#1: worker process 22 exited with code 0
2023/09/12 04:09:13 [notice] 1#1: worker process 25 exited with code 0
2023/09/12 04:09:13 [notice] 1#1: worker process 26 exited with code 0
2023/09/12 04:09:13 [notice] 1#1: signal 29 (SIGIO) received
2023/09/12 04:09:13 [notice] 1#1: signal 17 (SIGCHLD) received from 24
2023/09/12 04:09:13 [notice] 1#1: worker process 24 exited with code 0
2023/09/12 04:09:13 [notice] 1#1: signal 29 (SIGIO) received
2023/09/12 04:09:13 [notice] 1#1: signal 17 (SIGCHLD) received from 23
2023/09/12 04:09:13 [notice] 1#1: worker process 23 exited with code 0
2023/09/12 04:09:13 [notice] 1#1: signal 29 (SIGIO) received
2023/09/12 04:09:13 [notice] 1#1: signal 17 (SIGCHLD) received from 27
2023/09/12 04:09:13 [notice] 1#1: worker process 27 exited with code 0
2023/09/12 04:09:13 [notice] 1#1: signal 29 (SIGIO) received
2023/09/12 04:09:24 [notice] 1#1: using the "epoll" event method
2023/09/12 04:09:24 [notice] 1#1: nginx/1.25.2
2023/09/12 04:09:24 [notice] 1#1: built by gcc 12.2.1 20220924 (Alpine 12.2.1_git20220924-r10) 
2023/09/12 04:09:24 [notice] 1#1: OS: Linux 5.10.102.1-microsoft-standard-WSL2
2023/09/12 04:09:24 [notice] 1#1: getrlimit(RLIMIT_NOFILE): 1048576:1048576
2023/09/12 04:09:24 [notice] 1#1: start worker processes
2023/09/12 04:09:24 [notice] 1#1: start worker process 21
2023/09/12 04:09:24 [notice] 1#1: start worker process 22
2023/09/12 04:09:24 [notice] 1#1: start worker process 23
2023/09/12 04:09:24 [notice] 1#1: start worker process 24
2023/09/12 04:09:24 [notice] 1#1: start worker process 25
2023/09/12 04:09:24 [notice] 1#1: start worker process 26
2023/09/12 04:09:24 [notice] 1#1: start worker process 27
2023/09/12 04:09:24 [notice] 1#1: start worker process 28
2023/09/12 04:09:37 [notice] 1#1: signal 3 (SIGQUIT) received, shutting down
2023/09/12 04:09:37 [notice] 21#21: gracefully shutting down
2023/09/12 04:09:37 [notice] 22#22: gracefully shutting down
2023/09/12 04:09:37 [notice] 23#23: gracefully shutting down
2023/09/12 04:09:37 [notice] 24#24: gracefully shutting down
2023/09/12 04:09:37 [notice] 25#25: gracefully shutting down
2023/09/12 04:09:37 [notice] 26#26: gracefully shutting down
2023/09/12 04:09:37 [notice] 27#27: gracefully shutting down
2023/09/12 04:09:37 [notice] 28#28: gracefully shutting down
2023/09/12 04:09:37 [notice] 21#21: exiting
2023/09/12 04:09:37 [notice] 22#22: exiting
2023/09/12 04:09:37 [notice] 23#23: exiting
2023/09/12 04:09:37 [notice] 24#24: exiting
2023/09/12 04:09:37 [notice] 23#23: exit
2023/09/12 04:09:37 [notice] 25#25: exiting
2023/09/12 04:09:37 [notice] 26#26: exiting
2023/09/12 04:09:37 [notice] 27#27: exiting
2023/09/12 04:09:37 [notice] 28#28: exiting
2023/09/12 04:09:37 [notice] 21#21: exit
2023/09/12 04:09:37 [notice] 22#22: exit
2023/09/12 04:09:37 [notice] 24#24: exit
2023/09/12 04:09:37 [notice] 25#25: exit
2023/09/12 04:09:37 [notice] 26#26: exit
2023/09/12 04:09:37 [notice] 27#27: exit
2023/09/12 04:09:37 [notice] 28#28: exit
2023/09/12 04:09:37 [notice] 1#1: signal 17 (SIGCHLD) received from 21
2023/09/12 04:09:37 [notice] 1#1: worker process 21 exited with code 0
2023/09/12 04:09:37 [notice] 1#1: worker process 22 exited with code 0
2023/09/12 04:09:37 [notice] 1#1: worker process 28 exited with code 0
2023/09/12 04:09:37 [notice] 1#1: signal 29 (SIGIO) received
2023/09/12 04:09:37 [notice] 1#1: signal 17 (SIGCHLD) received from 23
2023/09/12 04:09:37 [notice] 1#1: worker process 23 exited with code 0
2023/09/12 04:09:37 [notice] 1#1: worker process 26 exited with code 0
2023/09/12 04:09:37 [notice] 1#1: signal 29 (SIGIO) received
2023/09/12 04:09:38 [notice] 1#1: signal 17 (SIGCHLD) received from 24
2023/09/12 04:09:38 [notice] 1#1: worker process 24 exited with code 0
2023/09/12 04:09:38 [notice] 1#1: worker process 25 exited with code 0
2023/09/12 04:09:38 [notice] 1#1: signal 29 (SIGIO) received
2023/09/12 04:09:38 [notice] 1#1: signal 17 (SIGCHLD) received from 27
2023/09/12 04:09:38 [notice] 1#1: worker process 27 exited with code 0
2023/09/12 04:09:38 [notice] 1#1: exit
2023/09/12 04:09:39 [notice] 1#1: using the "epoll" event method
2023/09/12 04:09:39 [notice] 1#1: nginx/1.25.2
2023/09/12 04:09:39 [notice] 1#1: built by gcc 12.2.1 20220924 (Alpine 12.2.1_git20220924-r10) 
2023/09/12 04:09:39 [notice] 1#1: OS: Linux 5.10.102.1-microsoft-standard-WSL2
2023/09/12 04:09:39 [notice] 1#1: getrlimit(RLIMIT_NOFILE): 1048576:1048576
2023/09/12 04:09:39 [notice] 1#1: start worker processes
2023/09/12 04:09:39 [notice] 1#1: start worker process 20
2023/09/12 04:09:39 [notice] 1#1: start worker process 21
2023/09/12 04:09:39 [notice] 1#1: start worker process 22
2023/09/12 04:09:39 [notice] 1#1: start worker process 23
2023/09/12 04:09:39 [notice] 1#1: start worker process 24
2023/09/12 04:09:39 [notice] 1#1: start worker process 25
2023/09/12 04:09:39 [notice] 1#1: start worker process 26
2023/09/12 04:09:39 [notice] 1#1: start worker process 27
2023/09/12 04:10:09 [error] 20#20: *1 FastCGI sent in stderr: "Primary script unknown" while reading response header from upstream, client: 172.23.0.1, server: , request: "GET / HTTP/1.1", upstream: "fastcgi://172.23.0.2:9000", host: "localhost"
2023/09/12 04:10:12 [error] 20#20: *1 FastCGI sent in stderr: "Primary script unknown" while reading response header from upstream, client: 172.23.0.1, server: , request: "GET / HTTP/1.1", upstream: "fastcgi://172.23.0.2:9000", host: "localhost"
2023/09/12 04:10:12 [error] 20#20: *1 FastCGI sent in stderr: "Primary script unknown" while reading response header from upstream, client: 172.23.0.1, server: , request: "GET / HTTP/1.1", upstream: "fastcgi://172.23.0.2:9000", host: "localhost"
2023/09/12 04:10:12 [error] 20#20: *1 FastCGI sent in stderr: "Primary script unknown" while reading response header from upstream, client: 172.23.0.1, server: , request: "GET / HTTP/1.1", upstream: "fastcgi://172.23.0.2:9000", host: "localhost"
2023/09/12 04:10:13 [error] 20#20: *1 FastCGI sent in stderr: "Primary script unknown" while reading response header from upstream, client: 172.23.0.1, server: , request: "GET / HTTP/1.1", upstream: "fastcgi://172.23.0.2:9000", host: "localhost"
2023/09/12 04:10:13 [error] 20#20: *1 FastCGI sent in stderr: "Primary script unknown" while reading response header from upstream, client: 172.23.0.1, server: , request: "GET / HTTP/1.1", upstream: "fastcgi://172.23.0.2:9000", host: "localhost"
2023/09/12 04:10:13 [error] 20#20: *1 FastCGI sent in stderr: "Primary script unknown" while reading response header from upstream, client: 172.23.0.1, server: , request: "GET / HTTP/1.1", upstream: "fastcgi://172.23.0.2:9000", host: "localhost"
2023/09/12 04:10:13 [error] 20#20: *1 FastCGI sent in stderr: "Primary script unknown" while reading response header from upstream, client: 172.23.0.1, server: , request: "GET / HTTP/1.1", upstream: "fastcgi://172.23.0.2:9000", host: "localhost"
2023/09/12 04:10:13 [error] 20#20: *1 FastCGI sent in stderr: "Primary script unknown" while reading response header from upstream, client: 172.23.0.1, server: , request: "GET / HTTP/1.1", upstream: "fastcgi://172.23.0.2:9000", host: "localhost"
2023/09/12 04:10:13 [error] 20#20: *1 FastCGI sent in stderr: "Primary script unknown" while reading response header from upstream, client: 172.23.0.1, server: , request: "GET / HTTP/1.1", upstream: "fastcgi://172.23.0.2:9000", host: "localhost"
2023/09/12 04:10:13 [error] 20#20: *1 FastCGI sent in stderr: "Primary script unknown" while reading response header from upstream, client: 172.23.0.1, server: , request: "GET / HTTP/1.1", upstream: "fastcgi://172.23.0.2:9000", host: "localhost"
2023/09/12 04:10:13 [error] 20#20: *1 FastCGI sent in stderr: "Primary script unknown" while reading response header from upstream, client: 172.23.0.1, server: , request: "GET / HTTP/1.1", upstream: "fastcgi://172.23.0.2:9000", host: "localhost"
2023/09/12 04:13:31 [notice] 1#1: signal 3 (SIGQUIT) received, shutting down
2023/09/12 04:13:31 [notice] 20#20: gracefully shutting down
2023/09/12 04:13:31 [notice] 21#21: gracefully shutting down
2023/09/12 04:13:31 [notice] 22#22: gracefully shutting down
2023/09/12 04:13:31 [notice] 23#23: gracefully shutting down
2023/09/12 04:13:31 [notice] 24#24: gracefully shutting down
2023/09/12 04:13:31 [notice] 25#25: gracefully shutting down
2023/09/12 04:13:31 [notice] 26#26: gracefully shutting down
2023/09/12 04:13:31 [notice] 27#27: gracefully shutting down
2023/09/12 04:13:31 [notice] 20#20: exiting
2023/09/12 04:13:31 [notice] 21#21: exiting
2023/09/12 04:13:31 [notice] 20#20: exit
2023/09/12 04:13:31 [notice] 22#22: exiting
2023/09/12 04:13:31 [notice] 23#23: exiting
2023/09/12 04:13:31 [notice] 22#22: exit
2023/09/12 04:13:31 [notice] 24#24: exiting
2023/09/12 04:13:31 [notice] 25#25: exiting
2023/09/12 04:13:31 [notice] 26#26: exiting
2023/09/12 04:13:31 [notice] 27#27: exiting
2023/09/12 04:13:31 [notice] 26#26: exit
2023/09/12 04:13:31 [notice] 21#21: exit
2023/09/12 04:13:31 [notice] 23#23: exit
2023/09/12 04:13:31 [notice] 24#24: exit
2023/09/12 04:13:31 [notice] 25#25: exit
2023/09/12 04:13:31 [notice] 27#27: exit
2023/09/12 04:13:31 [notice] 1#1: signal 17 (SIGCHLD) received from 25
2023/09/12 04:13:31 [notice] 1#1: worker process 20 exited with code 0
2023/09/12 04:13:31 [notice] 1#1: worker process 25 exited with code 0
2023/09/12 04:13:31 [notice] 1#1: signal 29 (SIGIO) received
2023/09/12 04:13:31 [notice] 1#1: signal 17 (SIGCHLD) received from 20
2023/09/12 04:13:31 [notice] 1#1: signal 17 (SIGCHLD) received from 21
2023/09/12 04:13:31 [notice] 1#1: worker process 21 exited with code 0
2023/09/12 04:13:31 [notice] 1#1: worker process 22 exited with code 0
2023/09/12 04:13:31 [notice] 1#1: worker process 23 exited with code 0
2023/09/12 04:13:31 [notice] 1#1: worker process 24 exited with code 0
2023/09/12 04:13:31 [notice] 1#1: worker process 26 exited with code 0
2023/09/12 04:13:31 [notice] 1#1: worker process 27 exited with code 0
2023/09/12 04:13:31 [notice] 1#1: exit
2023/09/12 04:13:33 [notice] 1#1: using the "epoll" event method
2023/09/12 04:13:33 [notice] 1#1: nginx/1.25.2
2023/09/12 04:13:33 [notice] 1#1: built by gcc 12.2.1 20220924 (Alpine 12.2.1_git20220924-r10) 
2023/09/12 04:13:33 [notice] 1#1: OS: Linux 5.10.102.1-microsoft-standard-WSL2
2023/09/12 04:13:33 [notice] 1#1: getrlimit(RLIMIT_NOFILE): 1048576:1048576
2023/09/12 04:13:33 [notice] 1#1: start worker processes
2023/09/12 04:13:33 [notice] 1#1: start worker process 20
2023/09/12 04:13:33 [notice] 1#1: start worker process 21
2023/09/12 04:13:33 [notice] 1#1: start worker process 22
2023/09/12 04:13:33 [notice] 1#1: start worker process 23
2023/09/12 04:13:33 [notice] 1#1: start worker process 24
2023/09/12 04:13:33 [notice] 1#1: start worker process 25
2023/09/12 04:13:33 [notice] 1#1: start worker process 26
2023/09/12 04:13:33 [notice] 1#1: start worker process 27
2023/09/12 04:14:33 [notice] 1#1: signal 3 (SIGQUIT) received, shutting down
2023/09/12 04:14:33 [notice] 20#20: gracefully shutting down
2023/09/12 04:14:33 [notice] 21#21: gracefully shutting down
2023/09/12 04:14:33 [notice] 22#22: gracefully shutting down
2023/09/12 04:14:33 [notice] 23#23: gracefully shutting down
2023/09/12 04:14:33 [notice] 24#24: gracefully shutting down
2023/09/12 04:14:33 [notice] 25#25: gracefully shutting down
2023/09/12 04:14:33 [notice] 26#26: gracefully shutting down
2023/09/12 04:14:33 [notice] 27#27: gracefully shutting down
2023/09/12 04:14:33 [notice] 20#20: exiting
2023/09/12 04:14:33 [notice] 22#22: exiting
2023/09/12 04:14:33 [notice] 23#23: exiting
2023/09/12 04:14:33 [notice] 22#22: exit
2023/09/12 04:14:33 [notice] 24#24: exiting
2023/09/12 04:14:33 [notice] 25#25: exiting
2023/09/12 04:14:33 [notice] 26#26: exiting
2023/09/12 04:14:33 [notice] 27#27: exiting
2023/09/12 04:14:33 [notice] 20#20: exit
2023/09/12 04:14:33 [notice] 23#23: exit
2023/09/12 04:14:33 [notice] 24#24: exit
2023/09/12 04:14:33 [notice] 25#25: exit
2023/09/12 04:14:33 [notice] 26#26: exit
2023/09/12 04:14:33 [notice] 27#27: exit
2023/09/12 04:14:33 [notice] 1#1: signal 17 (SIGCHLD) received from 22
2023/09/12 04:14:33 [notice] 1#1: worker process 22 exited with code 0
2023/09/12 04:14:33 [notice] 1#1: signal 29 (SIGIO) received
2023/09/12 04:14:33 [notice] 1#1: signal 17 (SIGCHLD) received from 23
2023/09/12 04:14:33 [notice] 1#1: worker process 23 exited with code 0
2023/09/12 04:14:33 [notice] 1#1: signal 29 (SIGIO) received
2023/09/12 04:14:33 [notice] 1#1: signal 17 (SIGCHLD) received from 25
2023/09/12 04:14:33 [notice] 1#1: worker process 25 exited with code 0
2023/09/12 04:14:33 [notice] 1#1: signal 29 (SIGIO) received
2023/09/12 04:14:33 [notice] 1#1: signal 17 (SIGCHLD) received from 20
2023/09/12 04:14:33 [notice] 1#1: worker process 20 exited with code 0
2023/09/12 04:14:33 [notice] 1#1: worker process 26 exited with code 0
2023/09/12 04:14:33 [notice] 1#1: signal 29 (SIGIO) received
2023/09/12 04:14:33 [notice] 1#1: signal 17 (SIGCHLD) received from 24
2023/09/12 04:14:33 [notice] 1#1: worker process 24 exited with code 0
2023/09/12 04:14:33 [notice] 1#1: worker process 27 exited with code 0
2023/09/12 04:14:33 [notice] 1#1: signal 29 (SIGIO) received
2023/09/12 04:14:38 [notice] 21#21: exiting
2023/09/12 04:14:38 [notice] 21#21: exit
2023/09/12 04:14:38 [notice] 1#1: signal 17 (SIGCHLD) received from 21
2023/09/12 04:14:38 [notice] 1#1: worker process 21 exited with code 0
2023/09/12 04:14:38 [notice] 1#1: exit
2023/09/12 04:14:40 [notice] 1#1: using the "epoll" event method
2023/09/12 04:14:40 [notice] 1#1: nginx/1.25.2
2023/09/12 04:14:40 [notice] 1#1: built by gcc 12.2.1 20220924 (Alpine 12.2.1_git20220924-r10) 
2023/09/12 04:14:40 [notice] 1#1: OS: Linux 5.10.102.1-microsoft-standard-WSL2
2023/09/12 04:14:40 [notice] 1#1: getrlimit(RLIMIT_NOFILE): 1048576:1048576
2023/09/12 04:14:40 [notice] 1#1: start worker processes
2023/09/12 04:14:40 [notice] 1#1: start worker process 20
2023/09/12 04:14:40 [notice] 1#1: start worker process 21
2023/09/12 04:14:40 [notice] 1#1: start worker process 22
2023/09/12 04:14:40 [notice] 1#1: start worker process 23
2023/09/12 04:14:40 [notice] 1#1: start worker process 24
2023/09/12 04:14:40 [notice] 1#1: start worker process 25
2023/09/12 04:14:40 [notice] 1#1: start worker process 26
2023/09/12 04:14:40 [notice] 1#1: start worker process 27
2023/09/12 04:17:25 [notice] 1#1: signal 3 (SIGQUIT) received, shutting down
2023/09/12 04:17:25 [notice] 21#21: gracefully shutting down
2023/09/12 04:17:25 [notice] 20#20: gracefully shutting down
2023/09/12 04:17:25 [notice] 20#20: exiting
2023/09/12 04:17:25 [notice] 22#22: gracefully shutting down
2023/09/12 04:17:25 [notice] 23#23: gracefully shutting down
2023/09/12 04:17:25 [notice] 25#25: gracefully shutting down
2023/09/12 04:17:25 [notice] 24#24: gracefully shutting down
2023/09/12 04:17:25 [notice] 26#26: gracefully shutting down
2023/09/12 04:17:25 [notice] 27#27: gracefully shutting down
2023/09/12 04:17:25 [notice] 21#21: exiting
2023/09/12 04:17:25 [notice] 20#20: exit
2023/09/12 04:17:25 [notice] 22#22: exiting
2023/09/12 04:17:25 [notice] 23#23: exiting
2023/09/12 04:17:25 [notice] 25#25: exiting
2023/09/12 04:17:25 [notice] 24#24: exiting
2023/09/12 04:17:25 [notice] 26#26: exiting
2023/09/12 04:17:25 [notice] 27#27: exiting
2023/09/12 04:17:25 [notice] 21#21: exit
2023/09/12 04:17:25 [notice] 22#22: exit
2023/09/12 04:17:25 [notice] 23#23: exit
2023/09/12 04:17:25 [notice] 25#25: exit
2023/09/12 04:17:25 [notice] 24#24: exit
2023/09/12 04:17:25 [notice] 26#26: exit
2023/09/12 04:17:25 [notice] 27#27: exit
2023/09/12 04:17:26 [notice] 1#1: signal 17 (SIGCHLD) received from 20
2023/09/12 04:17:26 [notice] 1#1: worker process 20 exited with code 0
2023/09/12 04:17:26 [notice] 1#1: signal 29 (SIGIO) received
2023/09/12 04:17:26 [notice] 1#1: signal 17 (SIGCHLD) received from 21
2023/09/12 04:17:26 [notice] 1#1: worker process 21 exited with code 0
2023/09/12 04:17:26 [notice] 1#1: signal 29 (SIGIO) received
2023/09/12 04:17:26 [notice] 1#1: signal 17 (SIGCHLD) received from 23
2023/09/12 04:17:26 [notice] 1#1: worker process 23 exited with code 0
2023/09/12 04:17:26 [notice] 1#1: worker process 24 exited with code 0
2023/09/12 04:17:26 [notice] 1#1: signal 29 (SIGIO) received
2023/09/12 04:17:26 [notice] 1#1: signal 17 (SIGCHLD) received from 22
2023/09/12 04:17:26 [notice] 1#1: worker process 22 exited with code 0
2023/09/12 04:17:26 [notice] 1#1: worker process 26 exited with code 0
2023/09/12 04:17:26 [notice] 1#1: signal 29 (SIGIO) received
2023/09/12 04:17:26 [notice] 1#1: signal 17 (SIGCHLD) received from 26
2023/09/12 04:17:26 [notice] 1#1: signal 17 (SIGCHLD) received from 27
2023/09/12 04:17:26 [notice] 1#1: worker process 27 exited with code 0
2023/09/12 04:17:26 [notice] 1#1: signal 29 (SIGIO) received
2023/09/12 04:17:26 [notice] 1#1: signal 17 (SIGCHLD) received from 25
2023/09/12 04:17:26 [notice] 1#1: worker process 25 exited with code 0
2023/09/12 04:17:26 [notice] 1#1: exit
